# JRE version: Java(TM) SE Runtime Environment 18.9 (11.0.10+8) (build 11.0.10+8-LTS-162)
# Java VM: Java HotSpot(TM) 64-Bit Server VM 18.9 (11.0.10+8-LTS-162, mixed mode, tiered, compressed oops, parallel gc, bsd-amd64)
Heap:
 PSYoungGen      total 7168K, used 5028K [0x00000007eab00000, 0x00000007eb480000, 0x0000000800000000)
  eden space 3584K, 86% used [0x00000007eab00000,0x00000007eae07998,0x00000007eae80000)
  from space 3584K, 53% used [0x00000007eae80000,0x00000007eb061a00,0x00000007eb200000)
  to   space 2560K, 0% used [0x00000007eb200000,0x00000007eb200000,0x00000007eb480000)
 ParOldGen       total 169984K, used 149625K [0x00000007c0000000, 0x00000007ca600000, 0x00000007eab00000)
  object space 169984K, 88% used [0x00000007c0000000,0x00000007c921e5f8,0x00000007ca600000)
 Metaspace       used 84903K, capacity 88532K, committed 89344K, reserved 1130496K
  class space    used 7737K, capacity 9037K, committed 9216K, reserved 1048576K
GC Heap History (10 events):
Event: 33462.907 GC heap before
{Heap before GC invocations=2820 (full 64):
 PSYoungGen      total 4096K, used 3648K [0x00000007eab00000, 0x00000007eb100000, 0x0000000800000000)
  eden space 2048K, 100% used [0x00000007eab00000,0x00000007ead00000,0x00000007ead00000)
  from space 2048K, 78% used [0x00000007eaf00000,0x00000007eb090000,0x00000007eb100000)
  to   space 2048K, 0% used [0x00000007ead00000,0x00000007ead00000,0x00000007eaf00000)
 ParOldGen       total 169984K, used 139513K [0x00000007c0000000, 0x00000007ca600000, 0x00000007eab00000)
  object space 169984K, 82% used [0x00000007c0000000,0x00000007c883e7d8,0x00000007ca600000)
 Metaspace       used 84903K, capacity 88532K, committed 89344K, reserved 1130496K
  class space    used 7737K, capacity 9037K, committed 9216K, reserved 1048576K
}
Event: 33462.913 GC heap after
{Heap after GC invocations=2820 (full 64):
 PSYoungGen      total 4096K, used 2048K [0x00000007eab00000, 0x00000007eb580000, 0x0000000800000000)
  eden space 2048K, 0% used [0x00000007eab00000,0x00000007eab00000,0x00000007ead00000)
  from space 2048K, 100% used [0x00000007ead00000,0x00000007eaf00000,0x00000007eaf00000)
  to   space 4096K, 0% used [0x00000007eb180000,0x00000007eb180000,0x00000007eb580000)
 ParOldGen       total 169984K, used 141073K [0x00000007c0000000, 0x00000007ca600000, 0x00000007eab00000)
  object space 169984K, 82% used [0x00000007c0000000,0x00000007c89c47d8,0x00000007ca600000)
 Metaspace       used 84903K, capacity 88532K, committed 89344K, reserved 1130496K
  class space    used 7737K, capacity 9037K, committed 9216K, reserved 1048576K
}
Event: 33462.922 GC heap before
{Heap before GC invocations=2821 (full 64):
 PSYoungGen      total 4096K, used 4096K [0x00000007eab00000, 0x00000007eb580000, 0x0000000800000000)
  eden space 2048K, 100% used [0x00000007eab00000,0x00000007ead00000,0x00000007ead00000)
  from space 2048K, 100% used [0x00000007ead00000,0x00000007eaf00000,0x00000007eaf00000)
  to   space 4096K, 0% used [0x00000007eb180000,0x00000007eb180000,0x00000007eb580000)
 ParOldGen       total 169984K, used 141073K [0x00000007c0000000, 0x00000007ca600000, 0x00000007eab00000)
  object space 169984K, 82% used [0x00000007c0000000,0x00000007c89c47d8,0x00000007ca600000)
 Metaspace       used 84903K, capacity 88532K, committed 89344K, reserved 1130496K
  class space    used 7737K, capacity 9037K, committed 9216K, reserved 1048576K
}
Event: 33462.926 GC heap after
{Heap after GC invocations=2821 (full 64):
 PSYoungGen      total 4608K, used 1584K [0x00000007eab00000, 0x00000007eb380000, 0x0000000800000000)
  eden space 2560K, 0% used [0x00000007eab00000,0x00000007eab00000,0x00000007ead80000)
  from space 2048K, 77% used [0x00000007eb180000,0x00000007eb30c000,0x00000007eb380000)
  to   space 2560K, 0% used [0x00000007eae80000,0x00000007eae80000,0x00000007eb100000)
 ParOldGen       total 169984K, used 143113K [0x00000007c0000000, 0x00000007ca600000, 0x00000007eab00000)
  object space 169984K, 84% used [0x00000007c0000000,0x00000007c8bc27d8,0x00000007ca600000)
 Metaspace       used 84903K, capacity 88532K, committed 89344K, reserved 1130496K
  class space    used 7737K, capacity 9037K, committed 9216K, reserved 1048576K
}
Event: 33462.952 GC heap before
{Heap before GC invocations=2822 (full 64):
 PSYoungGen      total 4608K, used 4144K [0x00000007eab00000, 0x00000007eb380000, 0x0000000800000000)
  eden space 2560K, 100% used [0x00000007eab00000,0x00000007ead80000,0x00000007ead80000)
  from space 2048K, 77% used [0x00000007eb180000,0x00000007eb30c000,0x00000007eb380000)
  to   space 2560K, 0% used [0x00000007eae80000,0x00000007eae80000,0x00000007eb100000)
 ParOldGen       total 169984K, used 143113K [0x00000007c0000000, 0x00000007ca600000, 0x00000007eab00000)
  object space 169984K, 84% used [0x00000007c0000000,0x00000007c8bc27d8,0x00000007ca600000)
 Metaspace       used 84903K, capacity 88532K, committed 89344K, reserved 1130496K
  class space    used 7737K, capacity 9037K, committed 9216K, reserved 1048576K
}
Event: 33462.955 GC heap after
{Heap after GC invocations=2822 (full 64):
 PSYoungGen      total 5632K, used 2551K [0x00000007eab00000, 0x00000007eb600000, 0x0000000800000000)
  eden space 3072K, 0% used [0x00000007eab00000,0x00000007eab00000,0x00000007eae00000)
  from space 2560K, 99% used [0x00000007eae80000,0x00000007eb0fde20,0x00000007eb100000)
  to   space 4096K, 0% used [0x00000007eb200000,0x00000007eb200000,0x00000007eb600000)
 ParOldGen       total 169984K, used 144097K [0x00000007c0000000, 0x00000007ca600000, 0x00000007eab00000)
  object space 169984K, 84% used [0x00000007c0000000,0x00000007c8cb87d8,0x00000007ca600000)
 Metaspace       used 84903K, capacity 88532K, committed 89344K, reserved 1130496K
  class space    used 7737K, capacity 9037K, committed 9216K, reserved 1048576K
}
Event: 33462.960 GC heap before
{Heap before GC invocations=2823 (full 64):
 PSYoungGen      total 5632K, used 5623K [0x00000007eab00000, 0x00000007eb600000, 0x0000000800000000)
  eden space 3072K, 100% used [0x00000007eab00000,0x00000007eae00000,0x00000007eae00000)
  from space 2560K, 99% used [0x00000007eae80000,0x00000007eb0fde20,0x00000007eb100000)
  to   space 4096K, 0% used [0x00000007eb200000,0x00000007eb200000,0x00000007eb600000)
 ParOldGen       total 169984K, used 144097K [0x00000007c0000000, 0x00000007ca600000, 0x00000007eab00000)
  object space 169984K, 84% used [0x00000007c0000000,0x00000007c8cb87d8,0x00000007ca600000)
 Metaspace       used 84903K, capacity 88532K, committed 89344K, reserved 1130496K
  class space    used 7737K, capacity 9037K, committed 9216K, reserved 1048576K
}
Event: 33462.962 GC heap after
{Heap after GC invocations=2823 (full 64):
 PSYoungGen      total 7680K, used 3104K [0x00000007eab00000, 0x00000007eb600000, 0x0000000800000000)
  eden space 3584K, 0% used [0x00000007eab00000,0x00000007eab00000,0x00000007eae80000)
  from space 4096K, 75% used [0x00000007eb200000,0x00000007eb508000,0x00000007eb600000)
  to   space 3584K, 0% used [0x00000007eae80000,0x00000007eae80000,0x00000007eb200000)
 ParOldGen       total 169984K, used 146633K [0x00000007c0000000, 0x00000007ca600000, 0x00000007eab00000)
  object space 169984K, 86% used [0x00000007c0000000,0x00000007c8f325f8,0x00000007ca600000)
 Metaspace       used 84903K, capacity 88532K, committed 89344K, reserved 1130496K
  class space    used 7737K, capacity 9037K, committed 9216K, reserved 1048576K
}
Event: 33462.999 GC heap before
{Heap before GC invocations=2824 (full 64):
 PSYoungGen      total 7680K, used 6688K [0x00000007eab00000, 0x00000007eb600000, 0x0000000800000000)
  eden space 3584K, 100% used [0x00000007eab00000,0x00000007eae80000,0x00000007eae80000)
  from space 4096K, 75% used [0x00000007eb200000,0x00000007eb508000,0x00000007eb600000)
  to   space 3584K, 0% used [0x00000007eae80000,0x00000007eae80000,0x00000007eb200000)
 ParOldGen       total 169984K, used 146633K [0x00000007c0000000, 0x00000007ca600000, 0x00000007eab00000)
  object space 169984K, 86% used [0x00000007c0000000,0x00000007c8f325f8,0x00000007ca600000)
 Metaspace       used 84903K, capacity 88532K, committed 89344K, reserved 1130496K
  class space    used 7737K, capacity 9037K, committed 9216K, reserved 1048576K
}
Event: 33463.003 GC heap after
{Heap after GC invocations=2824 (full 64):
 PSYoungGen      total 7168K, used 1926K [0x00000007eab00000, 0x00000007eb480000, 0x0000000800000000)
  eden space 3584K, 0% used [0x00000007eab00000,0x00000007eab00000,0x00000007eae80000)
  from space 3584K, 53% used [0x00000007eae80000,0x00000007eb061a00,0x00000007eb200000)
  to   space 2560K, 0% used [0x00000007eb200000,0x00000007eb200000,0x00000007eb480000)
 ParOldGen       total 169984K, used 149625K [0x00000007c0000000, 0x00000007ca600000, 0x00000007eab00000)
  object space 169984K, 88% used [0x00000007c0000000,0x00000007c921e5f8,0x00000007ca600000)
 Metaspace       used 84903K, capacity 88532K, committed 89344K, reserved 1130496K
  class space    used 7737K, capacity 9037K, committed 9216K, reserved 1048576K
}

